# JRE version: Java(TM) SE Runtime Environment (8.0_162-b12) (build 1.8.0_162-b12)
# Java VM: Java HotSpot(TM) Client VM (25.162-b12 mixed mode, sharing windows-x86 )
Heap:
 def new generation   total 14144K, used 819K [0x04e00000, 0x05d50000, 0x0a350000)
  eden space 12608K,   0% used [0x04e00000, 0x04e00000, 0x05a50000)
  from space 1536K,  53% used [0x05a50000, 0x05b1ce00, 0x05bd0000)
  to   space 1536K,   0% used [0x05bd0000, 0x05bd0000, 0x05d50000)
 tenured generation   total 31856K, used 31769K [0x0a350000, 0x0c26c000, 0x14e00000)
   the space 31856K,  99% used [0x0a350000, 0x0c2565d8, 0x0c256600, 0x0c26c000)
 Metaspace       used 3448K, capacity 5354K, committed 5376K, reserved 5504K
GC Heap History (10 events):
Event: 5.955 GC heap after
Heap after GC invocations=49 (full 3):
 def new generation   total 14144K, used 1127K [0x04e00000, 0x05d50000, 0x0a350000)
  eden space 12608K,   0% used [0x04e00000, 0x04e00000, 0x05a50000)
  from space 1536K,  73% used [0x05bd0000, 0x05ce9eb0, 0x05d50000)
  to   space 1536K,   0% used [0x05a50000, 0x05a50000, 0x05bd0000)
 tenured generation   total 31344K, used 29283K [0x0a350000, 0x0c1ec000, 0x14e00000)
   the space 31344K,  93% used [0x0a350000, 0x0bfe8f10, 0x0bfe9000, 0x0c1ec000)
 Metaspace       used 3446K, capacity 5354K, committed 5376K, reserved 5504K
}
Event: 6.552 GC heap before
{Heap before GC invocations=49 (full 3):
 def new generation   total 14144K, used 13735K [0x04e00000, 0x05d50000, 0x0a350000)
  eden space 12608K, 100% used [0x04e00000, 0x05a50000, 0x05a50000)
  from space 1536K,  73% used [0x05bd0000, 0x05ce9eb0, 0x05d50000)
  to   space 1536K,   0% used [0x05a50000, 0x05a50000, 0x05bd0000)
 tenured generation   total 31344K, used 29283K [0x0a350000, 0x0c1ec000, 0x14e00000)
   the space 31344K,  93% used [0x0a350000, 0x0bfe8f10, 0x0bfe9000, 0x0c1ec000)
 Metaspace       used 3448K, capacity 5354K, committed 5376K, reserved 5504K
Event: 6.559 GC heap after
Heap after GC invocations=50 (full 3):
 def new generation   total 14144K, used 1282K [0x04e00000, 0x05d50000, 0x0a350000)
  eden space 12608K,   0% used [0x04e00000, 0x04e00000, 0x05a50000)
  from space 1536K,  83% used [0x05a50000, 0x05b90b90, 0x05bd0000)
  to   space 1536K,   0% used [0x05bd0000, 0x05bd0000, 0x05d50000)
 tenured generation   total 31344K, used 29696K [0x0a350000, 0x0c1ec000, 0x14e00000)
   the space 31344K,  94% used [0x0a350000, 0x0c050078, 0x0c050200, 0x0c1ec000)
 Metaspace       used 3448K, capacity 5354K, committed 5376K, reserved 5504K
}
Event: 7.029 GC heap before
{Heap before GC invocations=50 (full 3):
 def new generation   total 14144K, used 13890K [0x04e00000, 0x05d50000, 0x0a350000)
  eden space 12608K, 100% used [0x04e00000, 0x05a50000, 0x05a50000)
  from space 1536K,  83% used [0x05a50000, 0x05b90b90, 0x05bd0000)
  to   space 1536K,   0% used [0x05bd0000, 0x05bd0000, 0x05d50000)
 tenured generation   total 31344K, used 29696K [0x0a350000, 0x0c1ec000, 0x14e00000)
   the space 31344K,  94% used [0x0a350000, 0x0c050078, 0x0c050200, 0x0c1ec000)
 Metaspace       used 3448K, capacity 5354K, committed 5376K, reserved 5504K
Event: 7.040 GC heap after
Heap after GC invocations=51 (full 3):
 def new generation   total 14144K, used 1043K [0x04e00000, 0x05d50000, 0x0a350000)
  eden space 12608K,   0% used [0x04e00000, 0x04e00000, 0x05a50000)
  from space 1536K,  67% used [0x05bd0000, 0x05cd4f10, 0x05d50000)
  to   space 1536K,   0% used [0x05a50000, 0x05a50000, 0x05bd0000)
 tenured generation   total 31344K, used 30357K [0x0a350000, 0x0c1ec000, 0x14e00000)
   the space 31344K,  96% used [0x0a350000, 0x0c0f56c0, 0x0c0f5800, 0x0c1ec000)
 Metaspace       used 3448K, capacity 5354K, committed 5376K, reserved 5504K
}
Event: 7.591 GC heap before
{Heap before GC invocations=51 (full 3):
 def new generation   total 14144K, used 13651K [0x04e00000, 0x05d50000, 0x0a350000)
  eden space 12608K, 100% used [0x04e00000, 0x05a50000, 0x05a50000)
  from space 1536K,  67% used [0x05bd0000, 0x05cd4f10, 0x05d50000)
  to   space 1536K,   0% used [0x05a50000, 0x05a50000, 0x05bd0000)
 tenured generation   total 31344K, used 30357K [0x0a350000, 0x0c1ec000, 0x14e00000)
   the space 31344K,  96% used [0x0a350000, 0x0c0f56c0, 0x0c0f5800, 0x0c1ec000)
 Metaspace       used 3448K, capacity 5354K, committed 5376K, reserved 5504K
Event: 7.599 GC heap after
Heap after GC invocations=52 (full 3):
 def new generation   total 14144K, used 928K [0x04e00000, 0x05d50000, 0x0a350000)
  eden space 12608K,   0% used [0x04e00000, 0x04e00000, 0x05a50000)
  from space 1536K,  60% used [0x05a50000, 0x05b383f0, 0x05bd0000)
  to   space 1536K,   0% used [0x05bd0000, 0x05bd0000, 0x05d50000)
 tenured generation   total 31344K, used 30878K [0x0a350000, 0x0c1ec000, 0x14e00000)
   the space 31344K,  98% used [0x0a350000, 0x0c177910, 0x0c177a00, 0x0c1ec000)
 Metaspace       used 3448K, capacity 5354K, committed 5376K, reserved 5504K
}
Event: 8.029 GC heap before
{Heap before GC invocations=52 (full 3):
 def new generation   total 14144K, used 13536K [0x04e00000, 0x05d50000, 0x0a350000)
  eden space 12608K, 100% used [0x04e00000, 0x05a50000, 0x05a50000)
  from space 1536K,  60% used [0x05a50000, 0x05b383f0, 0x05bd0000)
  to   space 1536K,   0% used [0x05bd0000, 0x05bd0000, 0x05d50000)
 tenured generation   total 31344K, used 30878K [0x0a350000, 0x0c1ec000, 0x14e00000)
   the space 31344K,  98% used [0x0a350000, 0x0c177910, 0x0c177a00, 0x0c1ec000)
 Metaspace       used 3448K, capacity 5354K, committed 5376K, reserved 5504K
Event: 8.041 GC heap after
Heap after GC invocations=53 (full 3):
 def new generation   total 14144K, used 883K [0x04e00000, 0x05d50000, 0x0a350000)
  eden space 12608K,   0% used [0x04e00000, 0x04e00000, 0x05a50000)
  from space 1536K,  57% used [0x05bd0000, 0x05cacc58, 0x05d50000)
  to   space 1536K,   0% used [0x05a50000, 0x05a50000, 0x05bd0000)
 tenured generation   total 31344K, used 31306K [0x0a350000, 0x0c1ec000, 0x14e00000)
   the space 31344K,  99% used [0x0a350000, 0x0c1e2880, 0x0c1e2a00, 0x0c1ec000)
 Metaspace       used 3448K, capacity 5354K, committed 5376K, reserved 5504K
}
Event: 8.569 GC heap before
{Heap before GC invocations=53 (full 3):
 def new generation   total 14144K, used 13491K [0x04e00000, 0x05d50000, 0x0a350000)
  eden space 12608K, 100% used [0x04e00000, 0x05a50000, 0x05a50000)
  from space 1536K,  57% used [0x05bd0000, 0x05cacc58, 0x05d50000)
  to   space 1536K,   0% used [0x05a50000, 0x05a50000, 0x05bd0000)
 tenured generation   total 31344K, used 31306K [0x0a350000, 0x0c1ec000, 0x14e00000)
   the space 31344K,  99% used [0x0a350000, 0x0c1e2880, 0x0c1e2a00, 0x0c1ec000)
 Metaspace       used 3448K, capacity 5354K, committed 5376K, reserved 5504K

