# JRE version: Java(TM) SE Runtime Environment (8.0_162-b12) (build 1.8.0_162-b12)
# Java VM: Java HotSpot(TM) Client VM (25.162-b12 mixed mode, sharing windows-x86 )
Heap:
 def new generation   total 5632K, used 576K [0x04600000, 0x04c10000, 0x09b50000)
  eden space 5056K,   0% used [0x04600000, 0x04600000, 0x04af0000)
  from space 576K, 100% used [0x04af0000, 0x04b80000, 0x04b80000)
  to   space 576K,   0% used [0x04b80000, 0x04b80000, 0x04c10000)
 tenured generation   total 13456K, used 13429K [0x09b50000, 0x0a874000, 0x14600000)
   the space 13456K,  99% used [0x09b50000, 0x0a86d6c0, 0x0a86d800, 0x0a874000)
 Metaspace       used 16197K, capacity 16579K, committed 16640K, reserved 16768K
GC Heap History (10 events):
Event: 4.835 GC heap after
Heap after GC invocations=46 (full 1):
 def new generation   total 5632K, used 286K [0x04600000, 0x04c10000, 0x09b50000)
  eden space 5056K,   0% used [0x04600000, 0x04600000, 0x04af0000)
  from space 576K,  49% used [0x04b80000, 0x04bc7920, 0x04c10000)
  to   space 576K,   0% used [0x04af0000, 0x04af0000, 0x04b80000)
 tenured generation   total 12304K, used 10907K [0x09b50000, 0x0a754000, 0x14600000)
   the space 12304K,  88% used [0x09b50000, 0x0a5f6fb0, 0x0a5f7000, 0x0a754000)
 Metaspace       used 14795K, capacity 15110K, committed 15232K, reserved 15744K
}
Event: 4.951 GC heap before
{Heap before GC invocations=46 (full 1):
 def new generation   total 5632K, used 5342K [0x04600000, 0x04c10000, 0x09b50000)
  eden space 5056K, 100% used [0x04600000, 0x04af0000, 0x04af0000)
  from space 576K,  49% used [0x04b80000, 0x04bc7920, 0x04c10000)
  to   space 576K,   0% used [0x04af0000, 0x04af0000, 0x04b80000)
 tenured generation   total 12304K, used 10907K [0x09b50000, 0x0a754000, 0x14600000)
   the space 12304K,  88% used [0x09b50000, 0x0a5f6fb0, 0x0a5f7000, 0x0a754000)
 Metaspace       used 14795K, capacity 15110K, committed 15232K, reserved 15744K
Event: 4.953 GC heap after
Heap after GC invocations=47 (full 1):
 def new generation   total 5632K, used 220K [0x04600000, 0x04c10000, 0x09b50000)
  eden space 5056K,   0% used [0x04600000, 0x04600000, 0x04af0000)
  from space 576K,  38% used [0x04af0000, 0x04b272f8, 0x04b80000)
  to   space 576K,   0% used [0x04b80000, 0x04b80000, 0x04c10000)
 tenured generation   total 12304K, used 10907K [0x09b50000, 0x0a754000, 0x14600000)
   the space 12304K,  88% used [0x09b50000, 0x0a5f6fb0, 0x0a5f7000, 0x0a754000)
 Metaspace       used 14795K, capacity 15110K, committed 15232K, reserved 15744K
}
Event: 5.072 GC heap before
{Heap before GC invocations=47 (full 1):
 def new generation   total 5632K, used 5276K [0x04600000, 0x04c10000, 0x09b50000)
  eden space 5056K, 100% used [0x04600000, 0x04af0000, 0x04af0000)
  from space 576K,  38% used [0x04af0000, 0x04b272f8, 0x04b80000)
  to   space 576K,   0% used [0x04b80000, 0x04b80000, 0x04c10000)
 tenured generation   total 12304K, used 10907K [0x09b50000, 0x0a754000, 0x14600000)
   the space 12304K,  88% used [0x09b50000, 0x0a5f6fb0, 0x0a5f7000, 0x0a754000)
 Metaspace       used 14795K, capacity 15110K, committed 15232K, reserved 15744K
Event: 5.075 GC heap after
Heap after GC invocations=48 (full 1):
 def new generation   total 5632K, used 223K [0x04600000, 0x04c10000, 0x09b50000)
  eden space 5056K,   0% used [0x04600000, 0x04600000, 0x04af0000)
  from space 576K,  38% used [0x04b80000, 0x04bb7d70, 0x04c10000)
  to   space 576K,   0% used [0x04af0000, 0x04af0000, 0x04b80000)
 tenured generation   total 12304K, used 10907K [0x09b50000, 0x0a754000, 0x14600000)
   the space 12304K,  88% used [0x09b50000, 0x0a5f6fb0, 0x0a5f7000, 0x0a754000)
 Metaspace       used 14795K, capacity 15110K, committed 15232K, reserved 15744K
}
Event: 5.127 GC heap before
{Heap before GC invocations=48 (full 1):
 def new generation   total 5632K, used 5279K [0x04600000, 0x04c10000, 0x09b50000)
  eden space 5056K, 100% used [0x04600000, 0x04af0000, 0x04af0000)
  from space 576K,  38% used [0x04b80000, 0x04bb7d70, 0x04c10000)
  to   space 576K,   0% used [0x04af0000, 0x04af0000, 0x04b80000)
 tenured generation   total 12304K, used 10907K [0x09b50000, 0x0a754000, 0x14600000)
   the space 12304K,  88% used [0x09b50000, 0x0a5f6fb0, 0x0a5f7000, 0x0a754000)
 Metaspace       used 14795K, capacity 15110K, committed 15232K, reserved 15744K
Event: 5.131 GC heap after
Heap after GC invocations=49 (full 1):
 def new generation   total 5632K, used 154K [0x04600000, 0x04c10000, 0x09b50000)
  eden space 5056K,   0% used [0x04600000, 0x04600000, 0x04af0000)
  from space 576K,  26% used [0x04af0000, 0x04b16a50, 0x04b80000)
  to   space 576K,   0% used [0x04b80000, 0x04b80000, 0x04c10000)
 tenured generation   total 12304K, used 10907K [0x09b50000, 0x0a754000, 0x14600000)
   the space 12304K,  88% used [0x09b50000, 0x0a5f6fb0, 0x0a5f7000, 0x0a754000)
 Metaspace       used 14795K, capacity 15110K, committed 15232K, reserved 15744K
}
Event: 5.258 GC heap before
{Heap before GC invocations=49 (full 1):
 def new generation   total 5632K, used 5210K [0x04600000, 0x04c10000, 0x09b50000)
  eden space 5056K, 100% used [0x04600000, 0x04af0000, 0x04af0000)
  from space 576K,  26% used [0x04af0000, 0x04b16a50, 0x04b80000)
  to   space 576K,   0% used [0x04b80000, 0x04b80000, 0x04c10000)
 tenured generation   total 12304K, used 10907K [0x09b50000, 0x0a754000, 0x14600000)
   the space 12304K,  88% used [0x09b50000, 0x0a5f6fb0, 0x0a5f7000, 0x0a754000)
 Metaspace       used 15628K, capacity 16020K, committed 16128K, reserved 16768K
Event: 5.262 GC heap after
Heap after GC invocations=50 (full 1):
 def new generation   total 5632K, used 576K [0x04600000, 0x04c10000, 0x09b50000)
  eden space 5056K,   0% used [0x04600000, 0x04600000, 0x04af0000)
  from space 576K, 100% used [0x04b80000, 0x04c10000, 0x04c10000)
  to   space 576K,   0% used [0x04af0000, 0x04af0000, 0x04b80000)
 tenured generation   total 12304K, used 11518K [0x09b50000, 0x0a754000, 0x14600000)
   the space 12304K,  93% used [0x09b50000, 0x0a68f9d0, 0x0a68fa00, 0x0a754000)
 Metaspace       used 15628K, capacity 16020K, committed 16128K, reserved 16768K
}
Event: 5.435 GC heap before
{Heap before GC invocations=50 (full 1):
 def new generation   total 5632K, used 5632K [0x04600000, 0x04c10000, 0x09b50000)
  eden space 5056K, 100% used [0x04600000, 0x04af0000, 0x04af0000)
  from space 576K, 100% used [0x04b80000, 0x04c10000, 0x04c10000)
  to   space 576K,   0% used [0x04af0000, 0x04af0000, 0x04b80000)
 tenured generation   total 12304K, used 11518K [0x09b50000, 0x0a754000, 0x14600000)
   the space 12304K,  93% used [0x09b50000, 0x0a68f9d0, 0x0a68fa00, 0x0a754000)
 Metaspace       used 16197K, capacity 16579K, committed 16640K, reserved 16768K

